<?xml version="1.0" encoding="UTF-8"?>
<!-- Generated by org.testng.reporters.JUnitReportReporter -->
<testsuite hostname="DESKTOP-GRKK7EO" failures="0" tests="1" name="practice.testng.SampleTakeScreenshotReportTest" time="8.474" errors="0" timestamp="2024-05-21T17:49:52 IST" skipped="0">
  <testcase classname="practice.testng.SampleTakeScreenshotReportTest" name="createContactTest" time="8.474"/>
  <system-out/>
</testsuite> <!-- practice.testng.SampleTakeScreenshotReportTest -->
