<?xml version="1.0" encoding="UTF-8"?>
<!-- Generated by org.testng.reporters.JUnitReportReporter -->
<testsuite hostname="DESKTOP-GRKK7EO" failures="0" tests="1" name="practice.testng.SampleReportTest" time="0.948" errors="0" timestamp="2024-05-21T17:02:57 IST" skipped="0">
  <testcase classname="practice.testng.SampleReportTest" name="createContactTest" time="0.948"/>
  <system-out/>
</testsuite> <!-- practice.testng.SampleReportTest -->
