<?xml version="1.0" encoding="UTF-8"?>
<!-- Generated by org.testng.reporters.JUnitReportReporter -->
<testsuite hostname="DESKTOP-GRKK7EO" failures="0" tests="12" name="practice.pom.repository.POMPracticeInvocationCountEnabledTest" time="0.074" errors="0" timestamp="2024-05-20T11:29:28 BST" skipped="1">
  <testcase classname="practice.pom.repository.POMPracticeInvocationCountEnabledTest" name="modifyContactTest" time="0.003"/>
  <system-out>
    <![CDATA[========Modify Contact Start========
Enter Uname and Enter Password
Click Edit Contact899
Update Details
Click Update Button
Logout of Application
========Modify Contact End========]]>
  </system-out>
  <testcase classname="practice.pom.repository.POMPracticeInvocationCountEnabledTest" name="modifyContactTest" time="0.001"/>
  <system-out>
    <![CDATA[========Modify Contact Start========
Enter Uname and Enter Password
Click Edit Contact300
Update Details
Click Update Button
Logout of Application
========Modify Contact End========]]>
  </system-out>
  <testcase classname="practice.pom.repository.POMPracticeInvocationCountEnabledTest" name="modifyContactTest" time="0.002"/>
  <system-out>
    <![CDATA[========Modify Contact Start========
Enter Uname and Enter Password
Click Edit Contact38
Update Details
Click Update Button
Logout of Application
========Modify Contact End========]]>
  </system-out>
  <testcase classname="practice.pom.repository.POMPracticeInvocationCountEnabledTest" name="modifyContactTest" time="0.002"/>
  <system-out>
    <![CDATA[========Modify Contact Start========
Enter Uname and Enter Password
Click Edit Contact581
Update Details
Click Update Button
Logout of Application
========Modify Contact End========]]>
  </system-out>
  <testcase classname="practice.pom.repository.POMPracticeInvocationCountEnabledTest" name="modifyContactTest" time="0.013"/>
  <system-out>
    <![CDATA[========Modify Contact Start========
Enter Uname and Enter Password
Click Edit Contact731
Update Details
Click Update Button
Logout of Application
========Modify Contact End========]]>
  </system-out>
  <testcase classname="practice.pom.repository.POMPracticeInvocationCountEnabledTest" name="modifyContactTest" time="0.002"/>
  <system-out>
    <![CDATA[========Modify Contact Start========
Enter Uname and Enter Password
Click Edit Contact224
Update Details
Click Update Button
Logout of Application
========Modify Contact End========]]>
  </system-out>
  <testcase classname="practice.pom.repository.POMPracticeInvocationCountEnabledTest" name="modifyContactTest" time="0.001"/>
  <system-out>
    <![CDATA[========Modify Contact Start========
Enter Uname and Enter Password
Click Edit Contact577
Update Details
Click Update Button
Logout of Application
========Modify Contact End========]]>
  </system-out>
  <testcase classname="practice.pom.repository.POMPracticeInvocationCountEnabledTest" name="modifyContactTest" time="0.002"/>
  <system-out>
    <![CDATA[========Modify Contact Start========
Enter Uname and Enter Password
Click Edit Contact167
Update Details
Click Update Button
Logout of Application
========Modify Contact End========]]>
  </system-out>
  <testcase classname="practice.pom.repository.POMPracticeInvocationCountEnabledTest" name="deleteContactTest" time="0.046"/>
  <system-out>
    <![CDATA[========Delete Contact Start========
Enter Uname and Enter Password
Select Contact
Click Delete Button
Check Contact Deleted Popup message comes
Logout of Application. Test Ran on - 2024-05-20
========Delete Contact End========]]>
  </system-out>
  <testcase classname="practice.pom.repository.POMPracticeInvocationCountEnabledTest" name="modifyContactTest" time="0.001"/>
  <system-out>
    <![CDATA[========Modify Contact Start========
Enter Uname and Enter Password
Click Edit Contact819
Update Details
Click Update Button
Logout of Application
========Modify Contact End========]]>
  </system-out>
  <testcase classname="practice.pom.repository.POMPracticeInvocationCountEnabledTest" name="modifyContactTest" time="0.001"/>
  <system-out>
    <![CDATA[========Modify Contact Start========
Enter Uname and Enter Password
Click Edit Contact453
Update Details
Click Update Button
Logout of Application
========Modify Contact End========]]>
  </system-out>
  <testcase classname="practice.pom.repository.POMPracticeInvocationCountEnabledTest" name="createContactTest">
    <skipped/>
  </testcase> <!-- createContactTest -->
  <system-out/>
</testsuite> <!-- practice.pom.repository.POMPracticeInvocationCountEnabledTest -->
