<?xml version="1.0" encoding="UTF-8"?>
<!-- Generated by org.testng.reporters.JUnitReportReporter -->
<testsuite hostname="DESKTOP-GRKK7EO" failures="0" tests="3" name="practice.testng.SampleReportBeforeSuiteTest" time="0.029" errors="0" timestamp="2024-05-21T17:30:36 IST" skipped="0">
  <testcase classname="practice.testng.SampleReportBeforeSuiteTest" name="createContactTest" time="0.023"/>
  <system-out/>
  <testcase classname="practice.testng.SampleReportBeforeSuiteTest" name="modifyContactTest" time="0.003"/>
  <system-out/>
  <testcase classname="practice.testng.SampleReportBeforeSuiteTest" name="deleteContactTest" time="0.003"/>
  <system-out/>
</testsuite> <!-- practice.testng.SampleReportBeforeSuiteTest -->
