<?xml version="1.0" encoding="UTF-8"?>
<!-- Generated by org.testng.reporters.JUnitReportReporter -->
<testsuite hostname="DESKTOP-GRKK7EO" failures="0" tests="1" name="practice.pom.repository.SampleClassWithPomTest" time="11.521" errors="0" timestamp="2024-05-20T06:56:17 BST" skipped="0">
  <testcase classname="practice.pom.repository.SampleClassWithPomTest" name="sampleTest" time="11.521"/>
  <system-out/>
</testsuite> <!-- practice.pom.repository.SampleClassWithPomTest -->
