<?xml version="1.0" encoding="UTF-8"?>
<!-- Generated by org.testng.reporters.JUnitReportReporter -->
<testsuite hostname="DESKTOP-GRKK7EO" failures="0" tests="1" name="practice.pom.repository.SearchPhonewithPOMTest" time="18.192" errors="0" timestamp="2024-05-20T10:34:12 BST" skipped="0">
  <testcase classname="practice.pom.repository.SearchPhonewithPOMTest" name="SearchPhoneTest" time="18.192"/>
  <system-out/>
</testsuite> <!-- practice.pom.repository.SearchPhonewithPOMTest -->
