<?xml version="1.0" encoding="UTF-8"?>
<!-- Generated by org.testng.reporters.JUnitReportReporter -->
<testsuite hostname="DESKTOP-GRKK7EO" failures="0" tests="1" name="practice.hometest.HomePageVerificationTest" time="0.014" errors="0" timestamp="2024-05-20T14:41:51 BST" skipped="0">
  <testcase classname="practice.hometest.HomePageVerificationTest" name="homePageTest" time="0.014"/>
  <system-out/>
</testsuite> <!-- practice.hometest.HomePageVerificationTest -->
