<?xml version="1.0" encoding="UTF-8"?>
<!-- Generated by org.testng.reporters.JUnitReportReporter -->
<testsuite hostname="DESKTOP-GRKK7EO" failures="0" tests="1" name="practice.testNG.basics.SampleTestForScreenshot" time="11.838" errors="0" timestamp="2024-05-20T15:25:25 BST" skipped="0">
  <testcase classname="practice.testNG.basics.SampleTestForScreenshot" name="name" time="11.838"/>
  <system-out/>
</testsuite> <!-- practice.testNG.basics.SampleTestForScreenshot -->
