<?xml version="1.0" encoding="UTF-8"?>
<!-- Generated by org.testng.reporters.JUnitReportReporter -->
<testsuite hostname="DESKTOP-GRKK7EO" failures="0" tests="3" name="practice.testNG.basics.CreateContactBSBCBTBMTAMATACASTest" time="0.034" errors="0" timestamp="2024-05-21T19:31:18 IST" skipped="0">
  <testcase classname="practice.testNG.basics.CreateContactBSBCBTBMTAMATACASTest" name="CreateContact" time="0.029"/>
  <system-out/>
  <testcase classname="practice.testNG.basics.CreateContactBSBCBTBMTAMATACASTest" name="CreateOrg" time="0.003"/>
  <system-out/>
  <testcase classname="practice.testNG.basics.CreateContactBSBCBTBMTAMATACASTest" name="CreateOrgwithIndustry" time="0.002"/>
  <system-out/>
</testsuite> <!-- practice.testNG.basics.CreateContactBSBCBTBMTAMATACASTest -->
