<?xml version="1.0" encoding="UTF-8"?>
<!-- Generated by org.testng.reporters.JUnitReportReporter -->
<testsuite hostname="DESKTOP-GRKK7EO" failures="0" tests="3" name="practice.testng.CreateContactDPTest" time="0.016" errors="0" timestamp="2024-05-19T12:01:06 BST" skipped="0">
  <testcase classname="practice.testng.CreateContactDPTest" name="createContactTest" time="0.001"/>
  <system-out/>
  <testcase classname="practice.testng.CreateContactDPTest" name="createContactTest" time="0.013"/>
  <system-out/>
  <testcase classname="practice.testng.CreateContactDPTest" name="createContactTest" time="0.002"/>
  <system-out/>
</testsuite> <!-- practice.testng.CreateContactDPTest -->
