<?xml version="1.0" encoding="UTF-8"?>
<!-- Generated by org.testng.reporters.JUnitReportReporter -->
<testsuite hostname="DESKTOP-GRKK7EO" failures="0" tests="1" name="practice.datadriventesting.ReadDataFromTestNGXMLTest" time="0.017" errors="0" timestamp="2024-05-18T10:55:05 BST" skipped="0">
  <testcase classname="practice.datadriventesting.ReadDataFromTestNGXMLTest" name="sampleTest" time="0.017"/>
  <system-out/>
</testsuite> <!-- practice.datadriventesting.ReadDataFromTestNGXMLTest -->
