<?xml version="1.0" encoding="UTF-8"?>
<!-- Generated by org.testng.reporters.JUnitReportReporter -->
<testsuite hostname="DESKTOP-GRKK7EO" failures="0" tests="6" name="practice.pom.repository.CreateContactDataProviderTest" time="0.014" errors="0" timestamp="2024-05-20T14:16:42 BST" skipped="0">
  <testcase classname="practice.pom.repository.CreateContactDataProviderTest" name="createContactTest" time="0.002"/>
  <system-out/>
  <testcase classname="practice.pom.repository.CreateContactDataProviderTest" name="createContactTest" time="0.002"/>
  <system-out/>
  <testcase classname="practice.pom.repository.CreateContactDataProviderTest" name="createContactTest" time="0.002"/>
  <system-out/>
  <testcase classname="practice.pom.repository.CreateContactDataProviderTest" name="createContactTest" time="0.001"/>
  <system-out/>
  <testcase classname="practice.pom.repository.CreateContactDataProviderTest" name="createContactTest" time="0.005"/>
  <system-out/>
  <testcase classname="practice.pom.repository.CreateContactDataProviderTest" name="createContactTest" time="0.002"/>
  <system-out/>
</testsuite> <!-- practice.pom.repository.CreateContactDataProviderTest -->
