<?xml version="1.0" encoding="UTF-8"?>
<!-- Generated by org.testng.reporters.JUnitXMLReporter -->
<testsuite ignored="0" hostname="DESKTOP-GRKK7EO" failures="0" tests="3" name="Test-2" time="0.081" errors="0" timestamp="2024-05-20T13:47:43 BST">
  <testcase classname="practice.pom.repository.CreateContactDataProviderTest" name="createContactTest" time="0.016"/>
  <testcase classname="practice.pom.repository.CreateContactDataProviderTest" name="createContactTest" time="0.002"/>
  <testcase classname="practice.pom.repository.CreateContactDataProviderTest" name="createContactTest" time="0.003"/>
</testsuite> <!-- Test-2 -->
