<?xml version="1.0" encoding="UTF-8"?>
<!-- Generated by org.testng.reporters.JUnitXMLReporter -->
<testsuite ignored="0" hostname="DESKTOP-GRKK7EO" failures="0" tests="6" name="Test-1" time="0.112" errors="0" timestamp="2024-05-20T13:47:43 BST">
  <testcase classname="practice.testNG.basics.CreateContactBSBCBTBMTAMATACASTest" name="CreateContact" time="0.008"/>
  <testcase classname="practice.testNG.basics.CreateContactBSBCBTBMTAMATACASTest" name="CreateOrg" time="0.001"/>
  <testcase classname="practice.testNG.basics.CreateContactBSBCBTBMTAMATACASTest" name="CreateOrgwithIndustry" time="0.002"/>
  <testcase classname="practice.pom.repository.CreateContactDataProviderTest" name="createContactTest" time="0.002"/>
  <testcase classname="practice.pom.repository.CreateContactDataProviderTest" name="createContactTest" time="0.002"/>
  <testcase classname="practice.pom.repository.CreateContactDataProviderTest" name="createContactTest" time="0.001"/>
</testsuite> <!-- Test-1 -->
